2025-02-18 15:20:37 DEBUG PackageRelationshipCollection:307 - Parsing relationship: /xl/_rels/workbook.xml.rels
2025-02-18 15:20:37 DEBUG PackageRelationshipCollection:307 - Parsing relationship: /xl/worksheets/_rels/sheet1.xml.rels
2025-02-18 15:20:37 DEBUG PackageRelationshipCollection:307 - Parsing relationship: /_rels/.rels
2025-02-18 15:20:37 DEBUG POIXMLFactory:65 - using default POIXMLDocumentPart for http://schemas.openxmlformats.org/officeDocument/2006/relationships/printerSettings
2025-02-18 15:20:37 DEBUG PackageRelationshipCollection:307 - Parsing relationship: /xl/_rels/workbook.xml.rels
2025-02-18 15:20:37 DEBUG PackageRelationshipCollection:307 - Parsing relationship: /xl/worksheets/_rels/sheet1.xml.rels
2025-02-18 15:20:37 DEBUG PackageRelationshipCollection:307 - Parsing relationship: /_rels/.rels
2025-02-18 15:20:37 DEBUG POIXMLFactory:65 - using default POIXMLDocumentPart for http://schemas.openxmlformats.org/officeDocument/2006/relationships/printerSettings
2025-02-18 15:20:37 DEBUG PackageRelationshipCollection:307 - Parsing relationship: /xl/_rels/workbook.xml.rels
2025-02-18 15:20:37 DEBUG PackageRelationshipCollection:307 - Parsing relationship: /xl/worksheets/_rels/sheet1.xml.rels
2025-02-18 15:20:37 DEBUG PackageRelationshipCollection:307 - Parsing relationship: /_rels/.rels
2025-02-18 15:20:37 DEBUG POIXMLFactory:65 - using default POIXMLDocumentPart for http://schemas.openxmlformats.org/officeDocument/2006/relationships/printerSettings
2025-02-18 15:20:37 DEBUG PackageRelationshipCollection:307 - Parsing relationship: /xl/_rels/workbook.xml.rels
2025-02-18 15:20:37 DEBUG PackageRelationshipCollection:307 - Parsing relationship: /xl/worksheets/_rels/sheet1.xml.rels
2025-02-18 15:20:37 DEBUG PackageRelationshipCollection:307 - Parsing relationship: /_rels/.rels
2025-02-18 15:20:37 DEBUG POIXMLFactory:65 - using default POIXMLDocumentPart for http://schemas.openxmlformats.org/officeDocument/2006/relationships/printerSettings
2025-02-18 15:20:37 DEBUG PackageRelationshipCollection:307 - Parsing relationship: /xl/_rels/workbook.xml.rels
2025-02-18 15:20:37 DEBUG PackageRelationshipCollection:307 - Parsing relationship: /xl/worksheets/_rels/sheet1.xml.rels
2025-02-18 15:20:37 DEBUG PackageRelationshipCollection:307 - Parsing relationship: /_rels/.rels
2025-02-18 15:20:37 DEBUG POIXMLFactory:65 - using default POIXMLDocumentPart for http://schemas.openxmlformats.org/officeDocument/2006/relationships/printerSettings
2025-02-18 15:20:37 DEBUG PackageRelationshipCollection:307 - Parsing relationship: /xl/_rels/workbook.xml.rels
2025-02-18 15:20:37 DEBUG PackageRelationshipCollection:307 - Parsing relationship: /xl/worksheets/_rels/sheet1.xml.rels
2025-02-18 15:20:37 DEBUG PackageRelationshipCollection:307 - Parsing relationship: /_rels/.rels
2025-02-18 15:20:37 DEBUG POIXMLFactory:65 - using default POIXMLDocumentPart for http://schemas.openxmlformats.org/officeDocument/2006/relationships/printerSettings
2025-02-18 15:20:37 DEBUG PackageRelationshipCollection:307 - Parsing relationship: /xl/_rels/workbook.xml.rels
2025-02-18 15:20:37 DEBUG PackageRelationshipCollection:307 - Parsing relationship: /xl/worksheets/_rels/sheet1.xml.rels
2025-02-18 15:20:37 DEBUG PackageRelationshipCollection:307 - Parsing relationship: /_rels/.rels
2025-02-18 15:20:37 DEBUG POIXMLFactory:65 - using default POIXMLDocumentPart for http://schemas.openxmlformats.org/officeDocument/2006/relationships/printerSettings
2025-02-18 15:20:37 DEBUG PackageRelationshipCollection:307 - Parsing relationship: /xl/_rels/workbook.xml.rels
2025-02-18 15:20:37 DEBUG PackageRelationshipCollection:307 - Parsing relationship: /xl/worksheets/_rels/sheet1.xml.rels
2025-02-18 15:20:37 DEBUG PackageRelationshipCollection:307 - Parsing relationship: /_rels/.rels
2025-02-18 15:20:37 DEBUG POIXMLFactory:65 - using default POIXMLDocumentPart for http://schemas.openxmlformats.org/officeDocument/2006/relationships/printerSettings
2025-02-18 15:20:37 DEBUG PackageRelationshipCollection:307 - Parsing relationship: /xl/_rels/workbook.xml.rels
2025-02-18 15:20:37 DEBUG PackageRelationshipCollection:307 - Parsing relationship: /xl/worksheets/_rels/sheet1.xml.rels
2025-02-18 15:20:37 DEBUG PackageRelationshipCollection:307 - Parsing relationship: /_rels/.rels
2025-02-18 15:20:37 DEBUG POIXMLFactory:65 - using default POIXMLDocumentPart for http://schemas.openxmlformats.org/officeDocument/2006/relationships/printerSettings
2025-02-18 15:20:37 DEBUG PackageRelationshipCollection:307 - Parsing relationship: /xl/_rels/workbook.xml.rels
2025-02-18 15:20:37 DEBUG PackageRelationshipCollection:307 - Parsing relationship: /xl/worksheets/_rels/sheet1.xml.rels
2025-02-18 15:20:37 DEBUG PackageRelationshipCollection:307 - Parsing relationship: /_rels/.rels
2025-02-18 15:20:37 DEBUG POIXMLFactory:65 - using default POIXMLDocumentPart for http://schemas.openxmlformats.org/officeDocument/2006/relationships/printerSettings
2025-02-18 15:20:37 DEBUG PackageRelationshipCollection:307 - Parsing relationship: /xl/_rels/workbook.xml.rels
2025-02-18 15:20:37 DEBUG PackageRelationshipCollection:307 - Parsing relationship: /xl/worksheets/_rels/sheet1.xml.rels
2025-02-18 15:20:37 DEBUG PackageRelationshipCollection:307 - Parsing relationship: /_rels/.rels
2025-02-18 15:20:37 DEBUG POIXMLFactory:65 - using default POIXMLDocumentPart for http://schemas.openxmlformats.org/officeDocument/2006/relationships/printerSettings
2025-02-18 15:20:37 DEBUG PackageRelationshipCollection:307 - Parsing relationship: /xl/_rels/workbook.xml.rels
2025-02-18 15:20:37 DEBUG PackageRelationshipCollection:307 - Parsing relationship: /xl/worksheets/_rels/sheet1.xml.rels
2025-02-18 15:20:37 DEBUG PackageRelationshipCollection:307 - Parsing relationship: /_rels/.rels
2025-02-18 15:20:37 DEBUG POIXMLFactory:65 - using default POIXMLDocumentPart for http://schemas.openxmlformats.org/officeDocument/2006/relationships/printerSettings
2025-02-18 18:14:06 DEBUG PackageRelationshipCollection:307 - Parsing relationship: /xl/_rels/workbook.xml.rels
2025-02-18 18:14:06 DEBUG PackageRelationshipCollection:307 - Parsing relationship: /xl/worksheets/_rels/sheet1.xml.rels
2025-02-18 18:14:06 DEBUG PackageRelationshipCollection:307 - Parsing relationship: /_rels/.rels
2025-02-18 18:14:06 DEBUG POIXMLFactory:65 - using default POIXMLDocumentPart for http://schemas.openxmlformats.org/officeDocument/2006/relationships/printerSettings
2025-02-18 18:14:06 DEBUG PackageRelationshipCollection:307 - Parsing relationship: /xl/_rels/workbook.xml.rels
2025-02-18 18:14:06 DEBUG PackageRelationshipCollection:307 - Parsing relationship: /xl/worksheets/_rels/sheet1.xml.rels
2025-02-18 18:14:06 DEBUG PackageRelationshipCollection:307 - Parsing relationship: /_rels/.rels
2025-02-18 18:14:06 DEBUG POIXMLFactory:65 - using default POIXMLDocumentPart for http://schemas.openxmlformats.org/officeDocument/2006/relationships/printerSettings
2025-02-18 18:14:06 DEBUG PackageRelationshipCollection:307 - Parsing relationship: /xl/_rels/workbook.xml.rels
2025-02-18 18:14:06 DEBUG PackageRelationshipCollection:307 - Parsing relationship: /xl/worksheets/_rels/sheet1.xml.rels
2025-02-18 18:14:06 DEBUG PackageRelationshipCollection:307 - Parsing relationship: /_rels/.rels
2025-02-18 18:14:06 DEBUG POIXMLFactory:65 - using default POIXMLDocumentPart for http://schemas.openxmlformats.org/officeDocument/2006/relationships/printerSettings
2025-02-18 18:14:06 DEBUG PackageRelationshipCollection:307 - Parsing relationship: /xl/_rels/workbook.xml.rels
2025-02-18 18:14:06 DEBUG PackageRelationshipCollection:307 - Parsing relationship: /xl/worksheets/_rels/sheet1.xml.rels
2025-02-18 18:14:06 DEBUG PackageRelationshipCollection:307 - Parsing relationship: /_rels/.rels
2025-02-18 18:14:06 DEBUG POIXMLFactory:65 - using default POIXMLDocumentPart for http://schemas.openxmlformats.org/officeDocument/2006/relationships/printerSettings
2025-02-18 18:14:06 DEBUG PackageRelationshipCollection:307 - Parsing relationship: /xl/_rels/workbook.xml.rels
2025-02-18 18:14:06 DEBUG PackageRelationshipCollection:307 - Parsing relationship: /xl/worksheets/_rels/sheet1.xml.rels
2025-02-18 18:14:06 DEBUG PackageRelationshipCollection:307 - Parsing relationship: /_rels/.rels
2025-02-18 18:14:06 DEBUG POIXMLFactory:65 - using default POIXMLDocumentPart for http://schemas.openxmlformats.org/officeDocument/2006/relationships/printerSettings
2025-02-18 18:14:06 DEBUG PackageRelationshipCollection:307 - Parsing relationship: /xl/_rels/workbook.xml.rels
2025-02-18 18:14:06 DEBUG PackageRelationshipCollection:307 - Parsing relationship: /xl/worksheets/_rels/sheet1.xml.rels
2025-02-18 18:14:06 DEBUG PackageRelationshipCollection:307 - Parsing relationship: /_rels/.rels
2025-02-18 18:14:06 DEBUG POIXMLFactory:65 - using default POIXMLDocumentPart for http://schemas.openxmlformats.org/officeDocument/2006/relationships/printerSettings
2025-02-18 18:14:06 DEBUG PackageRelationshipCollection:307 - Parsing relationship: /xl/_rels/workbook.xml.rels
2025-02-18 18:14:06 DEBUG PackageRelationshipCollection:307 - Parsing relationship: /xl/worksheets/_rels/sheet1.xml.rels
2025-02-18 18:14:06 DEBUG PackageRelationshipCollection:307 - Parsing relationship: /_rels/.rels
2025-02-18 18:14:06 DEBUG POIXMLFactory:65 - using default POIXMLDocumentPart for http://schemas.openxmlformats.org/officeDocument/2006/relationships/printerSettings
2025-02-18 18:14:06 DEBUG PackageRelationshipCollection:307 - Parsing relationship: /xl/_rels/workbook.xml.rels
2025-02-18 18:14:06 DEBUG PackageRelationshipCollection:307 - Parsing relationship: /xl/worksheets/_rels/sheet1.xml.rels
2025-02-18 18:14:06 DEBUG PackageRelationshipCollection:307 - Parsing relationship: /_rels/.rels
2025-02-18 18:14:06 DEBUG POIXMLFactory:65 - using default POIXMLDocumentPart for http://schemas.openxmlformats.org/officeDocument/2006/relationships/printerSettings
2025-02-18 18:14:06 DEBUG PackageRelationshipCollection:307 - Parsing relationship: /xl/_rels/workbook.xml.rels
2025-02-18 18:14:06 DEBUG PackageRelationshipCollection:307 - Parsing relationship: /xl/worksheets/_rels/sheet1.xml.rels
2025-02-18 18:14:06 DEBUG PackageRelationshipCollection:307 - Parsing relationship: /_rels/.rels
2025-02-18 18:14:06 DEBUG POIXMLFactory:65 - using default POIXMLDocumentPart for http://schemas.openxmlformats.org/officeDocument/2006/relationships/printerSettings
2025-02-18 18:14:06 DEBUG PackageRelationshipCollection:307 - Parsing relationship: /xl/_rels/workbook.xml.rels
2025-02-18 18:14:06 DEBUG PackageRelationshipCollection:307 - Parsing relationship: /xl/worksheets/_rels/sheet1.xml.rels
2025-02-18 18:14:06 DEBUG PackageRelationshipCollection:307 - Parsing relationship: /_rels/.rels
2025-02-18 18:14:06 DEBUG POIXMLFactory:65 - using default POIXMLDocumentPart for http://schemas.openxmlformats.org/officeDocument/2006/relationships/printerSettings
2025-02-18 18:14:06 DEBUG PackageRelationshipCollection:307 - Parsing relationship: /xl/_rels/workbook.xml.rels
2025-02-18 18:14:06 DEBUG PackageRelationshipCollection:307 - Parsing relationship: /xl/worksheets/_rels/sheet1.xml.rels
2025-02-18 18:14:06 DEBUG PackageRelationshipCollection:307 - Parsing relationship: /_rels/.rels
2025-02-18 18:14:06 DEBUG POIXMLFactory:65 - using default POIXMLDocumentPart for http://schemas.openxmlformats.org/officeDocument/2006/relationships/printerSettings
2025-02-18 18:14:06 DEBUG PackageRelationshipCollection:307 - Parsing relationship: /xl/_rels/workbook.xml.rels
2025-02-18 18:14:06 DEBUG PackageRelationshipCollection:307 - Parsing relationship: /xl/worksheets/_rels/sheet1.xml.rels
2025-02-18 18:14:06 DEBUG PackageRelationshipCollection:307 - Parsing relationship: /_rels/.rels
2025-02-18 18:14:07 DEBUG POIXMLFactory:65 - using default POIXMLDocumentPart for http://schemas.openxmlformats.org/officeDocument/2006/relationships/printerSettings
2025-02-18 18:16:31 DEBUG PackageRelationshipCollection:307 - Parsing relationship: /xl/_rels/workbook.xml.rels
2025-02-18 18:16:31 DEBUG PackageRelationshipCollection:307 - Parsing relationship: /xl/worksheets/_rels/sheet1.xml.rels
2025-02-18 18:16:31 DEBUG PackageRelationshipCollection:307 - Parsing relationship: /_rels/.rels
2025-02-18 18:16:31 DEBUG POIXMLFactory:65 - using default POIXMLDocumentPart for http://schemas.openxmlformats.org/officeDocument/2006/relationships/printerSettings
2025-02-18 18:16:31 DEBUG PackageRelationshipCollection:307 - Parsing relationship: /xl/_rels/workbook.xml.rels
2025-02-18 18:16:31 DEBUG PackageRelationshipCollection:307 - Parsing relationship: /xl/worksheets/_rels/sheet1.xml.rels
2025-02-18 18:16:31 DEBUG PackageRelationshipCollection:307 - Parsing relationship: /_rels/.rels
2025-02-18 18:16:31 DEBUG POIXMLFactory:65 - using default POIXMLDocumentPart for http://schemas.openxmlformats.org/officeDocument/2006/relationships/printerSettings
2025-02-18 18:16:31 DEBUG PackageRelationshipCollection:307 - Parsing relationship: /xl/_rels/workbook.xml.rels
2025-02-18 18:16:31 DEBUG PackageRelationshipCollection:307 - Parsing relationship: /xl/worksheets/_rels/sheet1.xml.rels
2025-02-18 18:16:31 DEBUG PackageRelationshipCollection:307 - Parsing relationship: /_rels/.rels
2025-02-18 18:16:31 DEBUG POIXMLFactory:65 - using default POIXMLDocumentPart for http://schemas.openxmlformats.org/officeDocument/2006/relationships/printerSettings
2025-02-18 18:16:31 DEBUG PackageRelationshipCollection:307 - Parsing relationship: /xl/_rels/workbook.xml.rels
2025-02-18 18:16:31 DEBUG PackageRelationshipCollection:307 - Parsing relationship: /xl/worksheets/_rels/sheet1.xml.rels
2025-02-18 18:16:31 DEBUG PackageRelationshipCollection:307 - Parsing relationship: /_rels/.rels
2025-02-18 18:16:31 DEBUG POIXMLFactory:65 - using default POIXMLDocumentPart for http://schemas.openxmlformats.org/officeDocument/2006/relationships/printerSettings
2025-02-18 18:16:31 DEBUG PackageRelationshipCollection:307 - Parsing relationship: /xl/_rels/workbook.xml.rels
2025-02-18 18:16:31 DEBUG PackageRelationshipCollection:307 - Parsing relationship: /xl/worksheets/_rels/sheet1.xml.rels
2025-02-18 18:16:31 DEBUG PackageRelationshipCollection:307 - Parsing relationship: /_rels/.rels
2025-02-18 18:16:31 DEBUG POIXMLFactory:65 - using default POIXMLDocumentPart for http://schemas.openxmlformats.org/officeDocument/2006/relationships/printerSettings
2025-02-18 18:16:31 DEBUG PackageRelationshipCollection:307 - Parsing relationship: /xl/_rels/workbook.xml.rels
2025-02-18 18:16:31 DEBUG PackageRelationshipCollection:307 - Parsing relationship: /xl/worksheets/_rels/sheet1.xml.rels
2025-02-18 18:16:31 DEBUG PackageRelationshipCollection:307 - Parsing relationship: /_rels/.rels
2025-02-18 18:16:31 DEBUG POIXMLFactory:65 - using default POIXMLDocumentPart for http://schemas.openxmlformats.org/officeDocument/2006/relationships/printerSettings
2025-02-18 18:16:31 DEBUG PackageRelationshipCollection:307 - Parsing relationship: /xl/_rels/workbook.xml.rels
2025-02-18 18:16:31 DEBUG PackageRelationshipCollection:307 - Parsing relationship: /xl/worksheets/_rels/sheet1.xml.rels
2025-02-18 18:16:31 DEBUG PackageRelationshipCollection:307 - Parsing relationship: /_rels/.rels
2025-02-18 18:16:31 DEBUG POIXMLFactory:65 - using default POIXMLDocumentPart for http://schemas.openxmlformats.org/officeDocument/2006/relationships/printerSettings
2025-02-18 18:16:31 DEBUG PackageRelationshipCollection:307 - Parsing relationship: /xl/_rels/workbook.xml.rels
2025-02-18 18:16:31 DEBUG PackageRelationshipCollection:307 - Parsing relationship: /xl/worksheets/_rels/sheet1.xml.rels
2025-02-18 18:16:31 DEBUG PackageRelationshipCollection:307 - Parsing relationship: /_rels/.rels
2025-02-18 18:16:31 DEBUG POIXMLFactory:65 - using default POIXMLDocumentPart for http://schemas.openxmlformats.org/officeDocument/2006/relationships/printerSettings
2025-02-18 18:16:31 DEBUG PackageRelationshipCollection:307 - Parsing relationship: /xl/_rels/workbook.xml.rels
2025-02-18 18:16:32 DEBUG PackageRelationshipCollection:307 - Parsing relationship: /xl/worksheets/_rels/sheet1.xml.rels
2025-02-18 18:16:32 DEBUG PackageRelationshipCollection:307 - Parsing relationship: /_rels/.rels
2025-02-18 18:16:32 DEBUG POIXMLFactory:65 - using default POIXMLDocumentPart for http://schemas.openxmlformats.org/officeDocument/2006/relationships/printerSettings
2025-02-18 18:16:32 DEBUG PackageRelationshipCollection:307 - Parsing relationship: /xl/_rels/workbook.xml.rels
2025-02-18 18:16:32 DEBUG PackageRelationshipCollection:307 - Parsing relationship: /xl/worksheets/_rels/sheet1.xml.rels
2025-02-18 18:16:32 DEBUG PackageRelationshipCollection:307 - Parsing relationship: /_rels/.rels
2025-02-18 18:16:32 DEBUG POIXMLFactory:65 - using default POIXMLDocumentPart for http://schemas.openxmlformats.org/officeDocument/2006/relationships/printerSettings
2025-02-18 18:16:32 DEBUG PackageRelationshipCollection:307 - Parsing relationship: /xl/_rels/workbook.xml.rels
2025-02-18 18:16:32 DEBUG PackageRelationshipCollection:307 - Parsing relationship: /xl/worksheets/_rels/sheet1.xml.rels
2025-02-18 18:16:32 DEBUG PackageRelationshipCollection:307 - Parsing relationship: /_rels/.rels
2025-02-18 18:16:32 DEBUG POIXMLFactory:65 - using default POIXMLDocumentPart for http://schemas.openxmlformats.org/officeDocument/2006/relationships/printerSettings
2025-02-18 18:16:32 DEBUG PackageRelationshipCollection:307 - Parsing relationship: /xl/_rels/workbook.xml.rels
2025-02-18 18:16:32 DEBUG PackageRelationshipCollection:307 - Parsing relationship: /xl/worksheets/_rels/sheet1.xml.rels
2025-02-18 18:16:32 DEBUG PackageRelationshipCollection:307 - Parsing relationship: /_rels/.rels
2025-02-18 18:16:32 DEBUG POIXMLFactory:65 - using default POIXMLDocumentPart for http://schemas.openxmlformats.org/officeDocument/2006/relationships/printerSettings
2025-02-18 18:48:14 DEBUG PackageRelationshipCollection:307 - Parsing relationship: /xl/_rels/workbook.xml.rels
2025-02-18 18:48:14 DEBUG PackageRelationshipCollection:307 - Parsing relationship: /xl/worksheets/_rels/sheet1.xml.rels
2025-02-18 18:48:14 DEBUG PackageRelationshipCollection:307 - Parsing relationship: /_rels/.rels
2025-02-18 18:48:15 DEBUG POIXMLFactory:65 - using default POIXMLDocumentPart for http://schemas.openxmlformats.org/officeDocument/2006/relationships/printerSettings
2025-02-18 18:48:15 DEBUG PackageRelationshipCollection:307 - Parsing relationship: /xl/_rels/workbook.xml.rels
2025-02-18 18:48:15 DEBUG PackageRelationshipCollection:307 - Parsing relationship: /xl/worksheets/_rels/sheet1.xml.rels
2025-02-18 18:48:15 DEBUG PackageRelationshipCollection:307 - Parsing relationship: /_rels/.rels
2025-02-18 18:48:15 DEBUG POIXMLFactory:65 - using default POIXMLDocumentPart for http://schemas.openxmlformats.org/officeDocument/2006/relationships/printerSettings
2025-02-18 18:48:15 DEBUG PackageRelationshipCollection:307 - Parsing relationship: /xl/_rels/workbook.xml.rels
2025-02-18 18:48:15 DEBUG PackageRelationshipCollection:307 - Parsing relationship: /xl/worksheets/_rels/sheet1.xml.rels
2025-02-18 18:48:15 DEBUG PackageRelationshipCollection:307 - Parsing relationship: /_rels/.rels
2025-02-18 18:48:15 DEBUG POIXMLFactory:65 - using default POIXMLDocumentPart for http://schemas.openxmlformats.org/officeDocument/2006/relationships/printerSettings
2025-02-18 18:48:15 DEBUG PackageRelationshipCollection:307 - Parsing relationship: /xl/_rels/workbook.xml.rels
2025-02-18 18:48:15 DEBUG PackageRelationshipCollection:307 - Parsing relationship: /xl/worksheets/_rels/sheet1.xml.rels
2025-02-18 18:48:15 DEBUG PackageRelationshipCollection:307 - Parsing relationship: /_rels/.rels
2025-02-18 18:48:15 DEBUG POIXMLFactory:65 - using default POIXMLDocumentPart for http://schemas.openxmlformats.org/officeDocument/2006/relationships/printerSettings
2025-02-18 18:48:15 DEBUG PackageRelationshipCollection:307 - Parsing relationship: /xl/_rels/workbook.xml.rels
2025-02-18 18:48:15 DEBUG PackageRelationshipCollection:307 - Parsing relationship: /xl/worksheets/_rels/sheet1.xml.rels
2025-02-18 18:48:15 DEBUG PackageRelationshipCollection:307 - Parsing relationship: /_rels/.rels
2025-02-18 18:48:15 DEBUG POIXMLFactory:65 - using default POIXMLDocumentPart for http://schemas.openxmlformats.org/officeDocument/2006/relationships/printerSettings
2025-02-18 18:48:15 DEBUG PackageRelationshipCollection:307 - Parsing relationship: /xl/_rels/workbook.xml.rels
2025-02-18 18:48:15 DEBUG PackageRelationshipCollection:307 - Parsing relationship: /xl/worksheets/_rels/sheet1.xml.rels
2025-02-18 18:48:15 DEBUG PackageRelationshipCollection:307 - Parsing relationship: /_rels/.rels
2025-02-18 18:48:15 DEBUG POIXMLFactory:65 - using default POIXMLDocumentPart for http://schemas.openxmlformats.org/officeDocument/2006/relationships/printerSettings
2025-02-18 18:48:15 DEBUG PackageRelationshipCollection:307 - Parsing relationship: /xl/_rels/workbook.xml.rels
2025-02-18 18:48:15 DEBUG PackageRelationshipCollection:307 - Parsing relationship: /xl/worksheets/_rels/sheet1.xml.rels
2025-02-18 18:48:15 DEBUG PackageRelationshipCollection:307 - Parsing relationship: /_rels/.rels
2025-02-18 18:48:15 DEBUG POIXMLFactory:65 - using default POIXMLDocumentPart for http://schemas.openxmlformats.org/officeDocument/2006/relationships/printerSettings
2025-02-18 18:48:15 DEBUG PackageRelationshipCollection:307 - Parsing relationship: /xl/_rels/workbook.xml.rels
2025-02-18 18:48:15 DEBUG PackageRelationshipCollection:307 - Parsing relationship: /xl/worksheets/_rels/sheet1.xml.rels
2025-02-18 18:48:15 DEBUG PackageRelationshipCollection:307 - Parsing relationship: /_rels/.rels
2025-02-18 18:48:15 DEBUG POIXMLFactory:65 - using default POIXMLDocumentPart for http://schemas.openxmlformats.org/officeDocument/2006/relationships/printerSettings
2025-02-18 18:48:15 DEBUG PackageRelationshipCollection:307 - Parsing relationship: /xl/_rels/workbook.xml.rels
2025-02-18 18:48:15 DEBUG PackageRelationshipCollection:307 - Parsing relationship: /xl/worksheets/_rels/sheet1.xml.rels
2025-02-18 18:48:15 DEBUG PackageRelationshipCollection:307 - Parsing relationship: /_rels/.rels
2025-02-18 18:48:15 DEBUG POIXMLFactory:65 - using default POIXMLDocumentPart for http://schemas.openxmlformats.org/officeDocument/2006/relationships/printerSettings
2025-02-18 18:48:15 DEBUG PackageRelationshipCollection:307 - Parsing relationship: /xl/_rels/workbook.xml.rels
2025-02-18 18:48:15 DEBUG PackageRelationshipCollection:307 - Parsing relationship: /xl/worksheets/_rels/sheet1.xml.rels
2025-02-18 18:48:15 DEBUG PackageRelationshipCollection:307 - Parsing relationship: /_rels/.rels
2025-02-18 18:48:15 DEBUG POIXMLFactory:65 - using default POIXMLDocumentPart for http://schemas.openxmlformats.org/officeDocument/2006/relationships/printerSettings
2025-02-18 18:48:15 DEBUG PackageRelationshipCollection:307 - Parsing relationship: /xl/_rels/workbook.xml.rels
2025-02-18 18:48:15 DEBUG PackageRelationshipCollection:307 - Parsing relationship: /xl/worksheets/_rels/sheet1.xml.rels
2025-02-18 18:48:15 DEBUG PackageRelationshipCollection:307 - Parsing relationship: /_rels/.rels
2025-02-18 18:48:15 DEBUG POIXMLFactory:65 - using default POIXMLDocumentPart for http://schemas.openxmlformats.org/officeDocument/2006/relationships/printerSettings
2025-02-18 18:48:15 DEBUG PackageRelationshipCollection:307 - Parsing relationship: /xl/_rels/workbook.xml.rels
2025-02-18 18:48:15 DEBUG PackageRelationshipCollection:307 - Parsing relationship: /xl/worksheets/_rels/sheet1.xml.rels
2025-02-18 18:48:15 DEBUG PackageRelationshipCollection:307 - Parsing relationship: /_rels/.rels
2025-02-18 18:48:15 DEBUG POIXMLFactory:65 - using default POIXMLDocumentPart for http://schemas.openxmlformats.org/officeDocument/2006/relationships/printerSettings
2025-02-18 19:17:58 DEBUG PackageRelationshipCollection:307 - Parsing relationship: /xl/_rels/workbook.xml.rels
2025-02-18 19:17:58 DEBUG PackageRelationshipCollection:307 - Parsing relationship: /xl/worksheets/_rels/sheet1.xml.rels
2025-02-18 19:17:58 DEBUG PackageRelationshipCollection:307 - Parsing relationship: /_rels/.rels
2025-02-18 19:17:58 DEBUG POIXMLFactory:65 - using default POIXMLDocumentPart for http://schemas.openxmlformats.org/officeDocument/2006/relationships/printerSettings
2025-02-18 19:17:58 DEBUG PackageRelationshipCollection:307 - Parsing relationship: /xl/_rels/workbook.xml.rels
2025-02-18 19:17:58 DEBUG PackageRelationshipCollection:307 - Parsing relationship: /xl/worksheets/_rels/sheet1.xml.rels
2025-02-18 19:17:58 DEBUG PackageRelationshipCollection:307 - Parsing relationship: /_rels/.rels
2025-02-18 19:17:58 DEBUG POIXMLFactory:65 - using default POIXMLDocumentPart for http://schemas.openxmlformats.org/officeDocument/2006/relationships/printerSettings
2025-02-18 19:17:58 DEBUG PackageRelationshipCollection:307 - Parsing relationship: /xl/_rels/workbook.xml.rels
2025-02-18 19:17:58 DEBUG PackageRelationshipCollection:307 - Parsing relationship: /xl/worksheets/_rels/sheet1.xml.rels
2025-02-18 19:17:58 DEBUG PackageRelationshipCollection:307 - Parsing relationship: /_rels/.rels
2025-02-18 19:17:58 DEBUG POIXMLFactory:65 - using default POIXMLDocumentPart for http://schemas.openxmlformats.org/officeDocument/2006/relationships/printerSettings
2025-02-18 19:17:59 DEBUG PackageRelationshipCollection:307 - Parsing relationship: /xl/_rels/workbook.xml.rels
2025-02-18 19:17:59 DEBUG PackageRelationshipCollection:307 - Parsing relationship: /xl/worksheets/_rels/sheet1.xml.rels
2025-02-18 19:17:59 DEBUG PackageRelationshipCollection:307 - Parsing relationship: /_rels/.rels
2025-02-18 19:17:59 DEBUG POIXMLFactory:65 - using default POIXMLDocumentPart for http://schemas.openxmlformats.org/officeDocument/2006/relationships/printerSettings
2025-02-18 19:17:59 DEBUG PackageRelationshipCollection:307 - Parsing relationship: /xl/_rels/workbook.xml.rels
2025-02-18 19:17:59 DEBUG PackageRelationshipCollection:307 - Parsing relationship: /xl/worksheets/_rels/sheet1.xml.rels
2025-02-18 19:17:59 DEBUG PackageRelationshipCollection:307 - Parsing relationship: /_rels/.rels
2025-02-18 19:17:59 DEBUG POIXMLFactory:65 - using default POIXMLDocumentPart for http://schemas.openxmlformats.org/officeDocument/2006/relationships/printerSettings
2025-02-18 19:17:59 DEBUG PackageRelationshipCollection:307 - Parsing relationship: /xl/_rels/workbook.xml.rels
2025-02-18 19:17:59 DEBUG PackageRelationshipCollection:307 - Parsing relationship: /xl/worksheets/_rels/sheet1.xml.rels
2025-02-18 19:17:59 DEBUG PackageRelationshipCollection:307 - Parsing relationship: /_rels/.rels
2025-02-18 19:17:59 DEBUG POIXMLFactory:65 - using default POIXMLDocumentPart for http://schemas.openxmlformats.org/officeDocument/2006/relationships/printerSettings
2025-02-18 19:17:59 DEBUG PackageRelationshipCollection:307 - Parsing relationship: /xl/_rels/workbook.xml.rels
2025-02-18 19:17:59 DEBUG PackageRelationshipCollection:307 - Parsing relationship: /xl/worksheets/_rels/sheet1.xml.rels
2025-02-18 19:17:59 DEBUG PackageRelationshipCollection:307 - Parsing relationship: /_rels/.rels
2025-02-18 19:17:59 DEBUG POIXMLFactory:65 - using default POIXMLDocumentPart for http://schemas.openxmlformats.org/officeDocument/2006/relationships/printerSettings
2025-02-18 19:17:59 DEBUG PackageRelationshipCollection:307 - Parsing relationship: /xl/_rels/workbook.xml.rels
2025-02-18 19:17:59 DEBUG PackageRelationshipCollection:307 - Parsing relationship: /xl/worksheets/_rels/sheet1.xml.rels
2025-02-18 19:17:59 DEBUG PackageRelationshipCollection:307 - Parsing relationship: /_rels/.rels
2025-02-18 19:17:59 DEBUG POIXMLFactory:65 - using default POIXMLDocumentPart for http://schemas.openxmlformats.org/officeDocument/2006/relationships/printerSettings
2025-02-18 19:17:59 DEBUG PackageRelationshipCollection:307 - Parsing relationship: /xl/_rels/workbook.xml.rels
2025-02-18 19:17:59 DEBUG PackageRelationshipCollection:307 - Parsing relationship: /xl/worksheets/_rels/sheet1.xml.rels
2025-02-18 19:17:59 DEBUG PackageRelationshipCollection:307 - Parsing relationship: /_rels/.rels
2025-02-18 19:17:59 DEBUG POIXMLFactory:65 - using default POIXMLDocumentPart for http://schemas.openxmlformats.org/officeDocument/2006/relationships/printerSettings
2025-02-18 19:17:59 DEBUG PackageRelationshipCollection:307 - Parsing relationship: /xl/_rels/workbook.xml.rels
2025-02-18 19:17:59 DEBUG PackageRelationshipCollection:307 - Parsing relationship: /xl/worksheets/_rels/sheet1.xml.rels
2025-02-18 19:17:59 DEBUG PackageRelationshipCollection:307 - Parsing relationship: /_rels/.rels
2025-02-18 19:17:59 DEBUG POIXMLFactory:65 - using default POIXMLDocumentPart for http://schemas.openxmlformats.org/officeDocument/2006/relationships/printerSettings
2025-02-18 19:17:59 DEBUG PackageRelationshipCollection:307 - Parsing relationship: /xl/_rels/workbook.xml.rels
2025-02-18 19:17:59 DEBUG PackageRelationshipCollection:307 - Parsing relationship: /xl/worksheets/_rels/sheet1.xml.rels
2025-02-18 19:17:59 DEBUG PackageRelationshipCollection:307 - Parsing relationship: /_rels/.rels
2025-02-18 19:17:59 DEBUG POIXMLFactory:65 - using default POIXMLDocumentPart for http://schemas.openxmlformats.org/officeDocument/2006/relationships/printerSettings
2025-02-18 19:17:59 DEBUG PackageRelationshipCollection:307 - Parsing relationship: /xl/_rels/workbook.xml.rels
2025-02-18 19:17:59 DEBUG PackageRelationshipCollection:307 - Parsing relationship: /xl/worksheets/_rels/sheet1.xml.rels
2025-02-18 19:17:59 DEBUG PackageRelationshipCollection:307 - Parsing relationship: /_rels/.rels
2025-02-18 19:17:59 DEBUG POIXMLFactory:65 - using default POIXMLDocumentPart for http://schemas.openxmlformats.org/officeDocument/2006/relationships/printerSettings
2025-02-18 19:23:20 DEBUG PackageRelationshipCollection:307 - Parsing relationship: /xl/_rels/workbook.xml.rels
2025-02-18 19:23:20 DEBUG PackageRelationshipCollection:307 - Parsing relationship: /xl/worksheets/_rels/sheet1.xml.rels
2025-02-18 19:23:20 DEBUG PackageRelationshipCollection:307 - Parsing relationship: /_rels/.rels
2025-02-18 19:23:20 DEBUG POIXMLFactory:65 - using default POIXMLDocumentPart for http://schemas.openxmlformats.org/officeDocument/2006/relationships/printerSettings
2025-02-18 19:23:20 DEBUG PackageRelationshipCollection:307 - Parsing relationship: /xl/_rels/workbook.xml.rels
2025-02-18 19:23:20 DEBUG PackageRelationshipCollection:307 - Parsing relationship: /xl/worksheets/_rels/sheet1.xml.rels
2025-02-18 19:23:20 DEBUG PackageRelationshipCollection:307 - Parsing relationship: /_rels/.rels
2025-02-18 19:23:20 DEBUG POIXMLFactory:65 - using default POIXMLDocumentPart for http://schemas.openxmlformats.org/officeDocument/2006/relationships/printerSettings
2025-02-18 19:23:20 DEBUG PackageRelationshipCollection:307 - Parsing relationship: /xl/_rels/workbook.xml.rels
2025-02-18 19:23:20 DEBUG PackageRelationshipCollection:307 - Parsing relationship: /xl/worksheets/_rels/sheet1.xml.rels
2025-02-18 19:23:20 DEBUG PackageRelationshipCollection:307 - Parsing relationship: /_rels/.rels
2025-02-18 19:23:20 DEBUG POIXMLFactory:65 - using default POIXMLDocumentPart for http://schemas.openxmlformats.org/officeDocument/2006/relationships/printerSettings
2025-02-18 19:23:20 DEBUG PackageRelationshipCollection:307 - Parsing relationship: /xl/_rels/workbook.xml.rels
2025-02-18 19:23:20 DEBUG PackageRelationshipCollection:307 - Parsing relationship: /xl/worksheets/_rels/sheet1.xml.rels
2025-02-18 19:23:20 DEBUG PackageRelationshipCollection:307 - Parsing relationship: /_rels/.rels
2025-02-18 19:23:20 DEBUG POIXMLFactory:65 - using default POIXMLDocumentPart for http://schemas.openxmlformats.org/officeDocument/2006/relationships/printerSettings
2025-02-18 19:23:20 DEBUG PackageRelationshipCollection:307 - Parsing relationship: /xl/_rels/workbook.xml.rels
2025-02-18 19:23:20 DEBUG PackageRelationshipCollection:307 - Parsing relationship: /xl/worksheets/_rels/sheet1.xml.rels
2025-02-18 19:23:20 DEBUG PackageRelationshipCollection:307 - Parsing relationship: /_rels/.rels
2025-02-18 19:23:20 DEBUG POIXMLFactory:65 - using default POIXMLDocumentPart for http://schemas.openxmlformats.org/officeDocument/2006/relationships/printerSettings
2025-02-18 19:23:20 DEBUG PackageRelationshipCollection:307 - Parsing relationship: /xl/_rels/workbook.xml.rels
2025-02-18 19:23:20 DEBUG PackageRelationshipCollection:307 - Parsing relationship: /xl/worksheets/_rels/sheet1.xml.rels
2025-02-18 19:23:20 DEBUG PackageRelationshipCollection:307 - Parsing relationship: /_rels/.rels
2025-02-18 19:23:20 DEBUG POIXMLFactory:65 - using default POIXMLDocumentPart for http://schemas.openxmlformats.org/officeDocument/2006/relationships/printerSettings
2025-02-18 19:23:20 DEBUG PackageRelationshipCollection:307 - Parsing relationship: /xl/_rels/workbook.xml.rels
2025-02-18 19:23:20 DEBUG PackageRelationshipCollection:307 - Parsing relationship: /xl/worksheets/_rels/sheet1.xml.rels
2025-02-18 19:23:20 DEBUG PackageRelationshipCollection:307 - Parsing relationship: /_rels/.rels
2025-02-18 19:23:20 DEBUG POIXMLFactory:65 - using default POIXMLDocumentPart for http://schemas.openxmlformats.org/officeDocument/2006/relationships/printerSettings
2025-02-18 19:23:20 DEBUG PackageRelationshipCollection:307 - Parsing relationship: /xl/_rels/workbook.xml.rels
2025-02-18 19:23:20 DEBUG PackageRelationshipCollection:307 - Parsing relationship: /xl/worksheets/_rels/sheet1.xml.rels
2025-02-18 19:23:20 DEBUG PackageRelationshipCollection:307 - Parsing relationship: /_rels/.rels
2025-02-18 19:23:20 DEBUG POIXMLFactory:65 - using default POIXMLDocumentPart for http://schemas.openxmlformats.org/officeDocument/2006/relationships/printerSettings
2025-02-18 19:23:20 DEBUG PackageRelationshipCollection:307 - Parsing relationship: /xl/_rels/workbook.xml.rels
2025-02-18 19:23:20 DEBUG PackageRelationshipCollection:307 - Parsing relationship: /xl/worksheets/_rels/sheet1.xml.rels
2025-02-18 19:23:20 DEBUG PackageRelationshipCollection:307 - Parsing relationship: /_rels/.rels
2025-02-18 19:23:20 DEBUG POIXMLFactory:65 - using default POIXMLDocumentPart for http://schemas.openxmlformats.org/officeDocument/2006/relationships/printerSettings
2025-02-18 19:23:20 DEBUG PackageRelationshipCollection:307 - Parsing relationship: /xl/_rels/workbook.xml.rels
2025-02-18 19:23:20 DEBUG PackageRelationshipCollection:307 - Parsing relationship: /xl/worksheets/_rels/sheet1.xml.rels
2025-02-18 19:23:20 DEBUG PackageRelationshipCollection:307 - Parsing relationship: /_rels/.rels
2025-02-18 19:23:20 DEBUG POIXMLFactory:65 - using default POIXMLDocumentPart for http://schemas.openxmlformats.org/officeDocument/2006/relationships/printerSettings
2025-02-18 19:23:20 DEBUG PackageRelationshipCollection:307 - Parsing relationship: /xl/_rels/workbook.xml.rels
2025-02-18 19:23:20 DEBUG PackageRelationshipCollection:307 - Parsing relationship: /xl/worksheets/_rels/sheet1.xml.rels
2025-02-18 19:23:20 DEBUG PackageRelationshipCollection:307 - Parsing relationship: /_rels/.rels
2025-02-18 19:23:20 DEBUG POIXMLFactory:65 - using default POIXMLDocumentPart for http://schemas.openxmlformats.org/officeDocument/2006/relationships/printerSettings
2025-02-18 19:23:20 DEBUG PackageRelationshipCollection:307 - Parsing relationship: /xl/_rels/workbook.xml.rels
2025-02-18 19:23:20 DEBUG PackageRelationshipCollection:307 - Parsing relationship: /xl/worksheets/_rels/sheet1.xml.rels
2025-02-18 19:23:20 DEBUG PackageRelationshipCollection:307 - Parsing relationship: /_rels/.rels
2025-02-18 19:23:20 DEBUG POIXMLFactory:65 - using default POIXMLDocumentPart for http://schemas.openxmlformats.org/officeDocument/2006/relationships/printerSettings
2025-02-18 19:26:16 DEBUG PackageRelationshipCollection:307 - Parsing relationship: /xl/_rels/workbook.xml.rels
2025-02-18 19:26:16 DEBUG PackageRelationshipCollection:307 - Parsing relationship: /xl/worksheets/_rels/sheet1.xml.rels
2025-02-18 19:26:16 DEBUG PackageRelationshipCollection:307 - Parsing relationship: /_rels/.rels
2025-02-18 19:26:17 DEBUG POIXMLFactory:65 - using default POIXMLDocumentPart for http://schemas.openxmlformats.org/officeDocument/2006/relationships/printerSettings
2025-02-18 19:26:17 DEBUG PackageRelationshipCollection:307 - Parsing relationship: /xl/_rels/workbook.xml.rels
2025-02-18 19:26:17 DEBUG PackageRelationshipCollection:307 - Parsing relationship: /xl/worksheets/_rels/sheet1.xml.rels
2025-02-18 19:26:17 DEBUG PackageRelationshipCollection:307 - Parsing relationship: /_rels/.rels
2025-02-18 19:26:17 DEBUG POIXMLFactory:65 - using default POIXMLDocumentPart for http://schemas.openxmlformats.org/officeDocument/2006/relationships/printerSettings
2025-02-18 19:26:17 DEBUG PackageRelationshipCollection:307 - Parsing relationship: /xl/_rels/workbook.xml.rels
2025-02-18 19:26:17 DEBUG PackageRelationshipCollection:307 - Parsing relationship: /xl/worksheets/_rels/sheet1.xml.rels
2025-02-18 19:26:17 DEBUG PackageRelationshipCollection:307 - Parsing relationship: /_rels/.rels
2025-02-18 19:26:17 DEBUG POIXMLFactory:65 - using default POIXMLDocumentPart for http://schemas.openxmlformats.org/officeDocument/2006/relationships/printerSettings
2025-02-18 19:26:17 DEBUG PackageRelationshipCollection:307 - Parsing relationship: /xl/_rels/workbook.xml.rels
2025-02-18 19:26:17 DEBUG PackageRelationshipCollection:307 - Parsing relationship: /xl/worksheets/_rels/sheet1.xml.rels
2025-02-18 19:26:17 DEBUG PackageRelationshipCollection:307 - Parsing relationship: /_rels/.rels
2025-02-18 19:26:17 DEBUG POIXMLFactory:65 - using default POIXMLDocumentPart for http://schemas.openxmlformats.org/officeDocument/2006/relationships/printerSettings
2025-02-18 19:26:17 DEBUG PackageRelationshipCollection:307 - Parsing relationship: /xl/_rels/workbook.xml.rels
2025-02-18 19:26:17 DEBUG PackageRelationshipCollection:307 - Parsing relationship: /xl/worksheets/_rels/sheet1.xml.rels
2025-02-18 19:26:17 DEBUG PackageRelationshipCollection:307 - Parsing relationship: /_rels/.rels
2025-02-18 19:26:17 DEBUG POIXMLFactory:65 - using default POIXMLDocumentPart for http://schemas.openxmlformats.org/officeDocument/2006/relationships/printerSettings
2025-02-18 19:26:17 DEBUG PackageRelationshipCollection:307 - Parsing relationship: /xl/_rels/workbook.xml.rels
2025-02-18 19:26:17 DEBUG PackageRelationshipCollection:307 - Parsing relationship: /xl/worksheets/_rels/sheet1.xml.rels
2025-02-18 19:26:17 DEBUG PackageRelationshipCollection:307 - Parsing relationship: /_rels/.rels
2025-02-18 19:26:17 DEBUG POIXMLFactory:65 - using default POIXMLDocumentPart for http://schemas.openxmlformats.org/officeDocument/2006/relationships/printerSettings
2025-02-18 19:26:17 DEBUG PackageRelationshipCollection:307 - Parsing relationship: /xl/_rels/workbook.xml.rels
2025-02-18 19:26:17 DEBUG PackageRelationshipCollection:307 - Parsing relationship: /xl/worksheets/_rels/sheet1.xml.rels
2025-02-18 19:26:17 DEBUG PackageRelationshipCollection:307 - Parsing relationship: /_rels/.rels
2025-02-18 19:26:17 DEBUG POIXMLFactory:65 - using default POIXMLDocumentPart for http://schemas.openxmlformats.org/officeDocument/2006/relationships/printerSettings
2025-02-18 19:26:17 DEBUG PackageRelationshipCollection:307 - Parsing relationship: /xl/_rels/workbook.xml.rels
2025-02-18 19:26:17 DEBUG PackageRelationshipCollection:307 - Parsing relationship: /xl/worksheets/_rels/sheet1.xml.rels
2025-02-18 19:26:17 DEBUG PackageRelationshipCollection:307 - Parsing relationship: /_rels/.rels
2025-02-18 19:26:17 DEBUG POIXMLFactory:65 - using default POIXMLDocumentPart for http://schemas.openxmlformats.org/officeDocument/2006/relationships/printerSettings
2025-02-18 19:26:17 DEBUG PackageRelationshipCollection:307 - Parsing relationship: /xl/_rels/workbook.xml.rels
2025-02-18 19:26:17 DEBUG PackageRelationshipCollection:307 - Parsing relationship: /xl/worksheets/_rels/sheet1.xml.rels
2025-02-18 19:26:17 DEBUG PackageRelationshipCollection:307 - Parsing relationship: /_rels/.rels
2025-02-18 19:26:17 DEBUG POIXMLFactory:65 - using default POIXMLDocumentPart for http://schemas.openxmlformats.org/officeDocument/2006/relationships/printerSettings
2025-02-18 19:26:17 DEBUG PackageRelationshipCollection:307 - Parsing relationship: /xl/_rels/workbook.xml.rels
2025-02-18 19:26:17 DEBUG PackageRelationshipCollection:307 - Parsing relationship: /xl/worksheets/_rels/sheet1.xml.rels
2025-02-18 19:26:17 DEBUG PackageRelationshipCollection:307 - Parsing relationship: /_rels/.rels
2025-02-18 19:26:17 DEBUG POIXMLFactory:65 - using default POIXMLDocumentPart for http://schemas.openxmlformats.org/officeDocument/2006/relationships/printerSettings
2025-02-18 19:26:17 DEBUG PackageRelationshipCollection:307 - Parsing relationship: /xl/_rels/workbook.xml.rels
2025-02-18 19:26:17 DEBUG PackageRelationshipCollection:307 - Parsing relationship: /xl/worksheets/_rels/sheet1.xml.rels
2025-02-18 19:26:17 DEBUG PackageRelationshipCollection:307 - Parsing relationship: /_rels/.rels
2025-02-18 19:26:17 DEBUG POIXMLFactory:65 - using default POIXMLDocumentPart for http://schemas.openxmlformats.org/officeDocument/2006/relationships/printerSettings
2025-02-18 19:26:17 DEBUG PackageRelationshipCollection:307 - Parsing relationship: /xl/_rels/workbook.xml.rels
2025-02-18 19:26:17 DEBUG PackageRelationshipCollection:307 - Parsing relationship: /xl/worksheets/_rels/sheet1.xml.rels
2025-02-18 19:26:17 DEBUG PackageRelationshipCollection:307 - Parsing relationship: /_rels/.rels
2025-02-18 19:26:17 DEBUG POIXMLFactory:65 - using default POIXMLDocumentPart for http://schemas.openxmlformats.org/officeDocument/2006/relationships/printerSettings
2025-02-18 19:30:58 DEBUG PackageRelationshipCollection:307 - Parsing relationship: /xl/_rels/workbook.xml.rels
2025-02-18 19:30:58 DEBUG PackageRelationshipCollection:307 - Parsing relationship: /xl/worksheets/_rels/sheet1.xml.rels
2025-02-18 19:30:58 DEBUG PackageRelationshipCollection:307 - Parsing relationship: /_rels/.rels
2025-02-18 19:30:59 DEBUG POIXMLFactory:65 - using default POIXMLDocumentPart for http://schemas.openxmlformats.org/officeDocument/2006/relationships/printerSettings
2025-02-18 19:30:59 DEBUG PackageRelationshipCollection:307 - Parsing relationship: /xl/_rels/workbook.xml.rels
2025-02-18 19:30:59 DEBUG PackageRelationshipCollection:307 - Parsing relationship: /xl/worksheets/_rels/sheet1.xml.rels
2025-02-18 19:30:59 DEBUG PackageRelationshipCollection:307 - Parsing relationship: /_rels/.rels
2025-02-18 19:30:59 DEBUG POIXMLFactory:65 - using default POIXMLDocumentPart for http://schemas.openxmlformats.org/officeDocument/2006/relationships/printerSettings
2025-02-18 19:30:59 DEBUG PackageRelationshipCollection:307 - Parsing relationship: /xl/_rels/workbook.xml.rels
2025-02-18 19:30:59 DEBUG PackageRelationshipCollection:307 - Parsing relationship: /xl/worksheets/_rels/sheet1.xml.rels
2025-02-18 19:30:59 DEBUG PackageRelationshipCollection:307 - Parsing relationship: /_rels/.rels
2025-02-18 19:30:59 DEBUG POIXMLFactory:65 - using default POIXMLDocumentPart for http://schemas.openxmlformats.org/officeDocument/2006/relationships/printerSettings
2025-02-18 19:30:59 DEBUG PackageRelationshipCollection:307 - Parsing relationship: /xl/_rels/workbook.xml.rels
2025-02-18 19:30:59 DEBUG PackageRelationshipCollection:307 - Parsing relationship: /xl/worksheets/_rels/sheet1.xml.rels
2025-02-18 19:30:59 DEBUG PackageRelationshipCollection:307 - Parsing relationship: /_rels/.rels
2025-02-18 19:30:59 DEBUG POIXMLFactory:65 - using default POIXMLDocumentPart for http://schemas.openxmlformats.org/officeDocument/2006/relationships/printerSettings
2025-02-18 19:30:59 DEBUG PackageRelationshipCollection:307 - Parsing relationship: /xl/_rels/workbook.xml.rels
2025-02-18 19:30:59 DEBUG PackageRelationshipCollection:307 - Parsing relationship: /xl/worksheets/_rels/sheet1.xml.rels
2025-02-18 19:30:59 DEBUG PackageRelationshipCollection:307 - Parsing relationship: /_rels/.rels
2025-02-18 19:30:59 DEBUG POIXMLFactory:65 - using default POIXMLDocumentPart for http://schemas.openxmlformats.org/officeDocument/2006/relationships/printerSettings
2025-02-18 19:30:59 DEBUG PackageRelationshipCollection:307 - Parsing relationship: /xl/_rels/workbook.xml.rels
2025-02-18 19:30:59 DEBUG PackageRelationshipCollection:307 - Parsing relationship: /xl/worksheets/_rels/sheet1.xml.rels
2025-02-18 19:30:59 DEBUG PackageRelationshipCollection:307 - Parsing relationship: /_rels/.rels
2025-02-18 19:30:59 DEBUG POIXMLFactory:65 - using default POIXMLDocumentPart for http://schemas.openxmlformats.org/officeDocument/2006/relationships/printerSettings
2025-02-18 19:30:59 DEBUG PackageRelationshipCollection:307 - Parsing relationship: /xl/_rels/workbook.xml.rels
2025-02-18 19:30:59 DEBUG PackageRelationshipCollection:307 - Parsing relationship: /xl/worksheets/_rels/sheet1.xml.rels
2025-02-18 19:30:59 DEBUG PackageRelationshipCollection:307 - Parsing relationship: /_rels/.rels
2025-02-18 19:30:59 DEBUG POIXMLFactory:65 - using default POIXMLDocumentPart for http://schemas.openxmlformats.org/officeDocument/2006/relationships/printerSettings
2025-02-18 19:30:59 DEBUG PackageRelationshipCollection:307 - Parsing relationship: /xl/_rels/workbook.xml.rels
2025-02-18 19:30:59 DEBUG PackageRelationshipCollection:307 - Parsing relationship: /xl/worksheets/_rels/sheet1.xml.rels
2025-02-18 19:30:59 DEBUG PackageRelationshipCollection:307 - Parsing relationship: /_rels/.rels
2025-02-18 19:30:59 DEBUG POIXMLFactory:65 - using default POIXMLDocumentPart for http://schemas.openxmlformats.org/officeDocument/2006/relationships/printerSettings
2025-02-18 19:30:59 DEBUG PackageRelationshipCollection:307 - Parsing relationship: /xl/_rels/workbook.xml.rels
2025-02-18 19:30:59 DEBUG PackageRelationshipCollection:307 - Parsing relationship: /xl/worksheets/_rels/sheet1.xml.rels
2025-02-18 19:30:59 DEBUG PackageRelationshipCollection:307 - Parsing relationship: /_rels/.rels
2025-02-18 19:30:59 DEBUG POIXMLFactory:65 - using default POIXMLDocumentPart for http://schemas.openxmlformats.org/officeDocument/2006/relationships/printerSettings
2025-02-18 19:30:59 DEBUG PackageRelationshipCollection:307 - Parsing relationship: /xl/_rels/workbook.xml.rels
2025-02-18 19:30:59 DEBUG PackageRelationshipCollection:307 - Parsing relationship: /xl/worksheets/_rels/sheet1.xml.rels
2025-02-18 19:30:59 DEBUG PackageRelationshipCollection:307 - Parsing relationship: /_rels/.rels
2025-02-18 19:30:59 DEBUG POIXMLFactory:65 - using default POIXMLDocumentPart for http://schemas.openxmlformats.org/officeDocument/2006/relationships/printerSettings
2025-02-18 19:30:59 DEBUG PackageRelationshipCollection:307 - Parsing relationship: /xl/_rels/workbook.xml.rels
2025-02-18 19:30:59 DEBUG PackageRelationshipCollection:307 - Parsing relationship: /xl/worksheets/_rels/sheet1.xml.rels
2025-02-18 19:30:59 DEBUG PackageRelationshipCollection:307 - Parsing relationship: /_rels/.rels
2025-02-18 19:30:59 DEBUG POIXMLFactory:65 - using default POIXMLDocumentPart for http://schemas.openxmlformats.org/officeDocument/2006/relationships/printerSettings
2025-02-18 19:30:59 DEBUG PackageRelationshipCollection:307 - Parsing relationship: /xl/_rels/workbook.xml.rels
2025-02-18 19:30:59 DEBUG PackageRelationshipCollection:307 - Parsing relationship: /xl/worksheets/_rels/sheet1.xml.rels
2025-02-18 19:30:59 DEBUG PackageRelationshipCollection:307 - Parsing relationship: /_rels/.rels
2025-02-18 19:30:59 DEBUG POIXMLFactory:65 - using default POIXMLDocumentPart for http://schemas.openxmlformats.org/officeDocument/2006/relationships/printerSettings
2025-02-19 13:40:18 DEBUG PackageRelationshipCollection:307 - Parsing relationship: /xl/_rels/workbook.xml.rels
2025-02-19 13:40:18 DEBUG PackageRelationshipCollection:307 - Parsing relationship: /xl/worksheets/_rels/sheet1.xml.rels
2025-02-19 13:40:18 DEBUG PackageRelationshipCollection:307 - Parsing relationship: /_rels/.rels
2025-02-19 13:40:19 DEBUG POIXMLFactory:65 - using default POIXMLDocumentPart for http://schemas.openxmlformats.org/officeDocument/2006/relationships/printerSettings
2025-02-19 13:40:19 DEBUG PackageRelationshipCollection:307 - Parsing relationship: /xl/_rels/workbook.xml.rels
2025-02-19 13:40:19 DEBUG PackageRelationshipCollection:307 - Parsing relationship: /xl/worksheets/_rels/sheet1.xml.rels
2025-02-19 13:40:19 DEBUG PackageRelationshipCollection:307 - Parsing relationship: /_rels/.rels
2025-02-19 13:40:19 DEBUG POIXMLFactory:65 - using default POIXMLDocumentPart for http://schemas.openxmlformats.org/officeDocument/2006/relationships/printerSettings
2025-02-19 13:40:19 DEBUG PackageRelationshipCollection:307 - Parsing relationship: /xl/_rels/workbook.xml.rels
2025-02-19 13:40:19 DEBUG PackageRelationshipCollection:307 - Parsing relationship: /xl/worksheets/_rels/sheet1.xml.rels
2025-02-19 13:40:19 DEBUG PackageRelationshipCollection:307 - Parsing relationship: /_rels/.rels
2025-02-19 13:40:19 DEBUG POIXMLFactory:65 - using default POIXMLDocumentPart for http://schemas.openxmlformats.org/officeDocument/2006/relationships/printerSettings
2025-02-19 13:40:19 DEBUG PackageRelationshipCollection:307 - Parsing relationship: /xl/_rels/workbook.xml.rels
2025-02-19 13:40:19 DEBUG PackageRelationshipCollection:307 - Parsing relationship: /xl/worksheets/_rels/sheet1.xml.rels
2025-02-19 13:40:19 DEBUG PackageRelationshipCollection:307 - Parsing relationship: /_rels/.rels
2025-02-19 13:40:19 DEBUG POIXMLFactory:65 - using default POIXMLDocumentPart for http://schemas.openxmlformats.org/officeDocument/2006/relationships/printerSettings
2025-02-19 13:40:19 DEBUG PackageRelationshipCollection:307 - Parsing relationship: /xl/_rels/workbook.xml.rels
2025-02-19 13:40:19 DEBUG PackageRelationshipCollection:307 - Parsing relationship: /xl/worksheets/_rels/sheet1.xml.rels
2025-02-19 13:40:19 DEBUG PackageRelationshipCollection:307 - Parsing relationship: /_rels/.rels
2025-02-19 13:40:19 DEBUG POIXMLFactory:65 - using default POIXMLDocumentPart for http://schemas.openxmlformats.org/officeDocument/2006/relationships/printerSettings
2025-02-19 13:40:19 DEBUG PackageRelationshipCollection:307 - Parsing relationship: /xl/_rels/workbook.xml.rels
2025-02-19 13:40:19 DEBUG PackageRelationshipCollection:307 - Parsing relationship: /xl/worksheets/_rels/sheet1.xml.rels
2025-02-19 13:40:19 DEBUG PackageRelationshipCollection:307 - Parsing relationship: /_rels/.rels
2025-02-19 13:40:19 DEBUG POIXMLFactory:65 - using default POIXMLDocumentPart for http://schemas.openxmlformats.org/officeDocument/2006/relationships/printerSettings
2025-02-19 13:40:19 DEBUG PackageRelationshipCollection:307 - Parsing relationship: /xl/_rels/workbook.xml.rels
2025-02-19 13:40:19 DEBUG PackageRelationshipCollection:307 - Parsing relationship: /xl/worksheets/_rels/sheet1.xml.rels
2025-02-19 13:40:19 DEBUG PackageRelationshipCollection:307 - Parsing relationship: /_rels/.rels
2025-02-19 13:40:19 DEBUG POIXMLFactory:65 - using default POIXMLDocumentPart for http://schemas.openxmlformats.org/officeDocument/2006/relationships/printerSettings
2025-02-19 13:40:19 DEBUG PackageRelationshipCollection:307 - Parsing relationship: /xl/_rels/workbook.xml.rels
2025-02-19 13:40:19 DEBUG PackageRelationshipCollection:307 - Parsing relationship: /xl/worksheets/_rels/sheet1.xml.rels
2025-02-19 13:40:19 DEBUG PackageRelationshipCollection:307 - Parsing relationship: /_rels/.rels
2025-02-19 13:40:19 DEBUG POIXMLFactory:65 - using default POIXMLDocumentPart for http://schemas.openxmlformats.org/officeDocument/2006/relationships/printerSettings
2025-02-19 13:40:19 DEBUG PackageRelationshipCollection:307 - Parsing relationship: /xl/_rels/workbook.xml.rels
2025-02-19 13:40:19 DEBUG PackageRelationshipCollection:307 - Parsing relationship: /xl/worksheets/_rels/sheet1.xml.rels
2025-02-19 13:40:19 DEBUG PackageRelationshipCollection:307 - Parsing relationship: /_rels/.rels
2025-02-19 13:40:19 DEBUG POIXMLFactory:65 - using default POIXMLDocumentPart for http://schemas.openxmlformats.org/officeDocument/2006/relationships/printerSettings
2025-02-19 13:40:19 DEBUG PackageRelationshipCollection:307 - Parsing relationship: /xl/_rels/workbook.xml.rels
2025-02-19 13:40:19 DEBUG PackageRelationshipCollection:307 - Parsing relationship: /xl/worksheets/_rels/sheet1.xml.rels
2025-02-19 13:40:19 DEBUG PackageRelationshipCollection:307 - Parsing relationship: /_rels/.rels
2025-02-19 13:40:19 DEBUG POIXMLFactory:65 - using default POIXMLDocumentPart for http://schemas.openxmlformats.org/officeDocument/2006/relationships/printerSettings
2025-02-19 13:40:19 DEBUG PackageRelationshipCollection:307 - Parsing relationship: /xl/_rels/workbook.xml.rels
2025-02-19 13:40:19 DEBUG PackageRelationshipCollection:307 - Parsing relationship: /xl/worksheets/_rels/sheet1.xml.rels
2025-02-19 13:40:19 DEBUG PackageRelationshipCollection:307 - Parsing relationship: /_rels/.rels
2025-02-19 13:40:19 DEBUG POIXMLFactory:65 - using default POIXMLDocumentPart for http://schemas.openxmlformats.org/officeDocument/2006/relationships/printerSettings
2025-02-19 13:40:19 DEBUG PackageRelationshipCollection:307 - Parsing relationship: /xl/_rels/workbook.xml.rels
2025-02-19 13:40:19 DEBUG PackageRelationshipCollection:307 - Parsing relationship: /xl/worksheets/_rels/sheet1.xml.rels
2025-02-19 13:40:19 DEBUG PackageRelationshipCollection:307 - Parsing relationship: /_rels/.rels
2025-02-19 13:40:19 DEBUG POIXMLFactory:65 - using default POIXMLDocumentPart for http://schemas.openxmlformats.org/officeDocument/2006/relationships/printerSettings
